-- Install configuration: ""
-- Up-to-date: /home/optimus/Desktop/car_proj_ws/src/car/install/car/share/car//urdf
-- Up-to-date: /home/optimus/Desktop/car_proj_ws/src/car/install/car/share/car//urdf/car.csv
-- Up-to-date: /home/optimus/Desktop/car_proj_ws/src/car/install/car/share/car//urdf/car.urdf.xacro
-- Up-to-date: /home/optimus/Desktop/car_proj_ws/src/car/install/car/share/car//meshes
-- Up-to-date: /home/optimus/Desktop/car_proj_ws/src/car/install/car/share/car//meshes/front_left_link.STL
-- Up-to-date: /home/optimus/Desktop/car_proj_ws/src/car/install/car/share/car//meshes/rear_right_wheel_link.STL
-- Up-to-date: /home/optimus/Desktop/car_proj_ws/src/car/install/car/share/car//meshes/Lidar_link.STL
-- Up-to-date: /home/optimus/Desktop/car_proj_ws/src/car/install/car/share/car//meshes/front_left_wheel_link.STL
-- Up-to-date: /home/optimus/Desktop/car_proj_ws/src/car/install/car/share/car//meshes/front_right_wheel_link.STL
-- Up-to-date: /home/optimus/Desktop/car_proj_ws/src/car/install/car/share/car//meshes/base_chassis_link.STL
-- Up-to-date: /home/optimus/Desktop/car_proj_ws/src/car/install/car/share/car//meshes/rear_left_wheel_link.STL
-- Up-to-date: /home/optimus/Desktop/car_proj_ws/src/car/install/car/share/car//meshes/front_right_link.STL
-- Up-to-date: /home/optimus/Desktop/car_proj_ws/src/car/install/car/share/car//launch
-- Up-to-date: /home/optimus/Desktop/car_proj_ws/src/car/install/car/share/car//launch/debug.launch.py
-- Up-to-date: /home/optimus/Desktop/car_proj_ws/src/car/install/car/share/car//launch/robot_description_publisher.py
-- Up-to-date: /home/optimus/Desktop/car_proj_ws/src/car/install/car/share/car//launch/gazebo.launch.py
-- Up-to-date: /home/optimus/Desktop/car_proj_ws/src/car/install/car/share/car//launch/spawn_robot_ros2.launch.py
-- Up-to-date: /home/optimus/Desktop/car_proj_ws/src/car/install/car/share/car//launch/teleop.launch.py
-- Up-to-date: /home/optimus/Desktop/car_proj_ws/src/car/install/car/share/car//launch/display.launch.py
-- Up-to-date: /home/optimus/Desktop/car_proj_ws/src/car/install/car/share/car//launch/competition.launch.py
-- Up-to-date: /home/optimus/Desktop/car_proj_ws/src/car/install/car/share/car//worlds
-- Up-to-date: /home/optimus/Desktop/car_proj_ws/src/car/install/car/share/car//worlds/empty_world.world
-- Up-to-date: /home/optimus/Desktop/car_proj_ws/src/car/install/car/share/car//config
-- Up-to-date: /home/optimus/Desktop/car_proj_ws/src/car/install/car/share/car//config/control.yaml
-- Up-to-date: /home/optimus/Desktop/car_proj_ws/src/car/install/car/share/car//competition
-- Up-to-date: /home/optimus/Desktop/car_proj_ws/src/car/install/car/share/car//competition/arena
-- Up-to-date: /home/optimus/Desktop/car_proj_ws/src/car/install/car/share/car//competition/arena/model.sdf
-- Up-to-date: /home/optimus/Desktop/car_proj_ws/src/car/install/car/share/car//competition/arena/meshes
-- Up-to-date: /home/optimus/Desktop/car_proj_ws/src/car/install/car/share/car//competition/arena/meshes/track.STL
-- Up-to-date: /home/optimus/Desktop/car_proj_ws/src/car/install/car/share/car//competition/arena/meshes/check_point.STL
-- Up-to-date: /home/optimus/Desktop/car_proj_ws/src/car/install/car/share/car//competition/arena/meshes/base_link.STL
-- Up-to-date: /home/optimus/Desktop/car_proj_ws/src/car/install/car/share/car//competition/arena/model.config
-- Up-to-date: /home/optimus/Desktop/car_proj_ws/src/car/install/car/share/car//competition/worlds
-- Up-to-date: /home/optimus/Desktop/car_proj_ws/src/car/install/car/share/car//competition/worlds/competition.world
-- Up-to-date: /home/optimus/Desktop/car_proj_ws/src/car/install/car/include/car
-- Up-to-date: /home/optimus/Desktop/car_proj_ws/src/car/install/car/lib/car/robot_description_publisher.py
-- Up-to-date: /home/optimus/Desktop/car_proj_ws/src/car/install/car/share/ament_index/resource_index/package_run_dependencies/car
-- Up-to-date: /home/optimus/Desktop/car_proj_ws/src/car/install/car/share/ament_index/resource_index/parent_prefix_path/car
-- Up-to-date: /home/optimus/Desktop/car_proj_ws/src/car/install/car/share/car/environment/ament_prefix_path.sh
-- Up-to-date: /home/optimus/Desktop/car_proj_ws/src/car/install/car/share/car/environment/ament_prefix_path.dsv
-- Up-to-date: /home/optimus/Desktop/car_proj_ws/src/car/install/car/share/car/environment/path.sh
-- Up-to-date: /home/optimus/Desktop/car_proj_ws/src/car/install/car/share/car/environment/path.dsv
-- Up-to-date: /home/optimus/Desktop/car_proj_ws/src/car/install/car/share/car/local_setup.bash
-- Up-to-date: /home/optimus/Desktop/car_proj_ws/src/car/install/car/share/car/local_setup.sh
-- Up-to-date: /home/optimus/Desktop/car_proj_ws/src/car/install/car/share/car/local_setup.zsh
-- Up-to-date: /home/optimus/Desktop/car_proj_ws/src/car/install/car/share/car/local_setup.dsv
-- Up-to-date: /home/optimus/Desktop/car_proj_ws/src/car/install/car/share/car/package.dsv
-- Up-to-date: /home/optimus/Desktop/car_proj_ws/src/car/install/car/share/ament_index/resource_index/packages/car
-- Up-to-date: /home/optimus/Desktop/car_proj_ws/src/car/install/car/share/car/cmake/carConfig.cmake
-- Up-to-date: /home/optimus/Desktop/car_proj_ws/src/car/install/car/share/car/cmake/carConfig-version.cmake
-- Up-to-date: /home/optimus/Desktop/car_proj_ws/src/car/install/car/share/car/package.xml
