[1.083s] DEBUG:colcon:Command line arguments: ['/usr/bin/colcon', 'build']
[1.083s] DEBUG:colcon:Parsed command line arguments: Namespace(log_base=None, log_level=None, verb_name='build', build_base='build', install_base='install', merge_install=False, symlink_install=False, test_result_base=None, continue_on_error=False, executor='parallel', parallel_workers=12, event_handlers=None, ignore_user_meta=False, metas=['./colcon.meta'], base_paths=['.'], packages_ignore=None, packages_ignore_regex=None, paths=None, packages_up_to=None, packages_up_to_regex=None, packages_above=None, packages_above_and_dependencies=None, packages_above_depth=None, packages_select_by_dep=None, packages_skip_by_dep=None, packages_skip_up_to=None, packages_select_build_failed=False, packages_skip_build_finished=False, packages_select_test_failures=False, packages_skip_test_passed=False, packages_select=None, packages_skip=None, packages_select_regex=None, packages_skip_regex=None, packages_start=None, packages_end=None, allow_overriding=[], cmake_args=None, cmake_target=None, cmake_target_skip_unavailable=False, cmake_clean_cache=False, cmake_clean_first=False, cmake_force_configure=False, ament_cmake_args=None, catkin_cmake_args=None, catkin_skip_building_tests=False, verb_parser=<colcon_defaults.argument_parser.defaults.DefaultArgumentsDecorator object at 0x7f19046c3f10>, verb_extension=<colcon_core.verb.build.BuildVerb object at 0x7f19046c2cb0>, main=<bound method BuildVerb.main of <colcon_core.verb.build.BuildVerb object at 0x7f19046c2cb0>>)
[1.131s] Level 1:colcon.colcon_core.package_discovery:discover_packages(colcon_meta) check parameters
[1.131s] Level 1:colcon.colcon_core.package_discovery:discover_packages(recursive) check parameters
[1.131s] Level 1:colcon.colcon_core.package_discovery:discover_packages(ignore) check parameters
[1.131s] Level 1:colcon.colcon_core.package_discovery:discover_packages(path) check parameters
[1.131s] Level 1:colcon.colcon_core.package_discovery:discover_packages(colcon_meta) discover
[1.131s] Level 1:colcon.colcon_core.package_discovery:discover_packages(recursive) discover
[1.131s] INFO:colcon.colcon_core.package_discovery:Crawling recursively for packages in '/home/optimus/Desktop/car_proj_ws/src/car'
[1.132s] Level 1:colcon.colcon_core.package_identification:_identify(.) by extensions ['ignore', 'ignore_ament_install']
[1.132s] Level 1:colcon.colcon_core.package_identification:_identify(.) by extension 'ignore'
[1.132s] Level 1:colcon.colcon_core.package_identification:_identify(.) by extension 'ignore_ament_install'
[1.132s] Level 1:colcon.colcon_core.package_identification:_identify(.) by extensions ['colcon_pkg']
[1.132s] Level 1:colcon.colcon_core.package_identification:_identify(.) by extension 'colcon_pkg'
[1.132s] Level 1:colcon.colcon_core.package_identification:_identify(.) by extensions ['colcon_meta']
[1.132s] Level 1:colcon.colcon_core.package_identification:_identify(.) by extension 'colcon_meta'
[1.132s] Level 1:colcon.colcon_core.package_identification:_identify(.) by extensions ['ros']
[1.132s] Level 1:colcon.colcon_core.package_identification:_identify(.) by extension 'ros'
[1.142s] DEBUG:colcon.colcon_core.package_identification:Package '.' with type 'ros.ament_cmake' and name 'car'
[1.142s] Level 1:colcon.colcon_core.package_discovery:discover_packages(recursive) using defaults
[1.143s] Level 1:colcon.colcon_core.package_discovery:discover_packages(ignore) discover
[1.143s] Level 1:colcon.colcon_core.package_discovery:discover_packages(ignore) using defaults
[1.143s] Level 1:colcon.colcon_core.package_discovery:discover_packages(path) discover
[1.143s] Level 1:colcon.colcon_core.package_discovery:discover_packages(path) using defaults
[1.244s] Level 1:colcon.colcon_core.package_discovery:discover_packages(prefix_path) check parameters
[1.244s] Level 1:colcon.colcon_core.package_discovery:discover_packages(prefix_path) discover
[1.278s] DEBUG:colcon.colcon_installed_package_information.package_discovery:Found 1 installed packages in /home/optimus/Desktop/car_proj_ws/src/car/install
[1.293s] DEBUG:colcon.colcon_installed_package_information.package_discovery:Found 1 installed packages in /home/optimus/Desktop/car_proj_ws/install
[1.310s] DEBUG:colcon.colcon_installed_package_information.package_discovery:Found 365 installed packages in /opt/ros/humble
[1.312s] Level 1:colcon.colcon_core.package_discovery:discover_packages(prefix_path) using defaults
[1.404s] Level 5:colcon.colcon_core.verb:set package 'car' build argument 'cmake_args' from command line to 'None'
[1.404s] Level 5:colcon.colcon_core.verb:set package 'car' build argument 'cmake_target' from command line to 'None'
[1.404s] Level 5:colcon.colcon_core.verb:set package 'car' build argument 'cmake_target_skip_unavailable' from command line to 'False'
[1.404s] Level 5:colcon.colcon_core.verb:set package 'car' build argument 'cmake_clean_cache' from command line to 'False'
[1.404s] Level 5:colcon.colcon_core.verb:set package 'car' build argument 'cmake_clean_first' from command line to 'False'
[1.404s] Level 5:colcon.colcon_core.verb:set package 'car' build argument 'cmake_force_configure' from command line to 'False'
[1.404s] Level 5:colcon.colcon_core.verb:set package 'car' build argument 'ament_cmake_args' from command line to 'None'
[1.404s] Level 5:colcon.colcon_core.verb:set package 'car' build argument 'catkin_cmake_args' from command line to 'None'
[1.404s] Level 5:colcon.colcon_core.verb:set package 'car' build argument 'catkin_skip_building_tests' from command line to 'False'
[1.404s] DEBUG:colcon.colcon_core.verb:Building package 'car' with the following arguments: {'ament_cmake_args': None, 'build_base': '/home/optimus/Desktop/car_proj_ws/src/car/build/car', 'catkin_cmake_args': None, 'catkin_skip_building_tests': False, 'cmake_args': None, 'cmake_clean_cache': False, 'cmake_clean_first': False, 'cmake_force_configure': False, 'cmake_target': None, 'cmake_target_skip_unavailable': False, 'install_base': '/home/optimus/Desktop/car_proj_ws/src/car/install/car', 'merge_install': False, 'path': '/home/optimus/Desktop/car_proj_ws/src/car', 'symlink_install': False, 'test_result_base': None}
[1.420s] INFO:colcon.colcon_core.executor:Executing jobs using 'parallel' executor
[1.436s] DEBUG:colcon.colcon_parallel_executor.executor.parallel:run_until_complete
[1.436s] INFO:colcon.colcon_ros.task.ament_cmake.build:Building ROS package in '/home/optimus/Desktop/car_proj_ws/src/car' with build type 'ament_cmake'
[1.436s] INFO:colcon.colcon_cmake.task.cmake.build:Building CMake package in '/home/optimus/Desktop/car_proj_ws/src/car'
[1.455s] INFO:colcon.colcon_core.plugin_system:Skipping extension 'colcon_core.shell.bat': Not used on non-Windows systems
[1.455s] INFO:colcon.colcon_core.shell:Skip shell extension 'powershell' for command environment: Not usable outside of PowerShell
[1.455s] DEBUG:colcon.colcon_core.shell:Skip shell extension 'dsv' for command environment
[1.527s] DEBUG:colcon.colcon_core.event_handler.log_command:Invoking command in '/home/optimus/Desktop/car_proj_ws/src/car/build/car': CMAKE_PREFIX_PATH=${CMAKE_PREFIX_PATH}:/opt/ros/humble /usr/bin/cmake --build /home/optimus/Desktop/car_proj_ws/src/car/build/car -- -j12 -l12
[1.556s] DEBUG:colcon.colcon_core.event_handler.log_command:Invoked command in '/home/optimus/Desktop/car_proj_ws/src/car/build/car' returned '0': CMAKE_PREFIX_PATH=${CMAKE_PREFIX_PATH}:/opt/ros/humble /usr/bin/cmake --build /home/optimus/Desktop/car_proj_ws/src/car/build/car -- -j12 -l12
[1.579s] DEBUG:colcon.colcon_core.event_handler.log_command:Invoking command in '/home/optimus/Desktop/car_proj_ws/src/car/build/car': CMAKE_PREFIX_PATH=${CMAKE_PREFIX_PATH}:/opt/ros/humble /usr/bin/cmake --install /home/optimus/Desktop/car_proj_ws/src/car/build/car
[1.589s] Level 1:colcon.colcon_core.environment:create_environment_scripts_only(car)
[1.594s] DEBUG:colcon.colcon_core.event_handler.log_command:Invoked command in '/home/optimus/Desktop/car_proj_ws/src/car/build/car' returned '0': CMAKE_PREFIX_PATH=${CMAKE_PREFIX_PATH}:/opt/ros/humble /usr/bin/cmake --install /home/optimus/Desktop/car_proj_ws/src/car/build/car
[1.613s] Level 1:colcon.colcon_core.environment:checking '/home/optimus/Desktop/car_proj_ws/src/car/install/car' for CMake module files
[1.613s] Level 1:colcon.colcon_core.environment:checking '/home/optimus/Desktop/car_proj_ws/src/car/install/car' for CMake config files
[1.613s] Level 1:colcon.colcon_core.shell:create_environment_hook('car', 'cmake_prefix_path')
[1.629s] INFO:colcon.colcon_core.shell:Creating environment hook '/home/optimus/Desktop/car_proj_ws/src/car/install/car/share/car/hook/cmake_prefix_path.ps1'
[1.630s] INFO:colcon.colcon_core.shell:Creating environment descriptor '/home/optimus/Desktop/car_proj_ws/src/car/install/car/share/car/hook/cmake_prefix_path.dsv'
[1.630s] INFO:colcon.colcon_core.shell:Creating environment hook '/home/optimus/Desktop/car_proj_ws/src/car/install/car/share/car/hook/cmake_prefix_path.sh'
[1.631s] Level 1:colcon.colcon_core.environment:checking '/home/optimus/Desktop/car_proj_ws/src/car/install/car/lib'
[1.631s] Level 1:colcon.colcon_core.environment:checking '/home/optimus/Desktop/car_proj_ws/src/car/install/car/bin'
[1.631s] Level 1:colcon.colcon_core.environment:checking '/home/optimus/Desktop/car_proj_ws/src/car/install/car/lib/pkgconfig/car.pc'
[1.631s] Level 1:colcon.colcon_core.environment:checking '/home/optimus/Desktop/car_proj_ws/src/car/install/car/lib/python3.10/site-packages'
[1.631s] Level 1:colcon.colcon_core.environment:checking '/home/optimus/Desktop/car_proj_ws/src/car/install/car/bin'
[1.649s] INFO:colcon.colcon_core.shell:Creating package script '/home/optimus/Desktop/car_proj_ws/src/car/install/car/share/car/package.ps1'
[1.649s] INFO:colcon.colcon_core.shell:Creating package descriptor '/home/optimus/Desktop/car_proj_ws/src/car/install/car/share/car/package.dsv'
[1.650s] INFO:colcon.colcon_core.shell:Creating package script '/home/optimus/Desktop/car_proj_ws/src/car/install/car/share/car/package.sh'
[1.650s] INFO:colcon.colcon_core.shell:Creating package script '/home/optimus/Desktop/car_proj_ws/src/car/install/car/share/car/package.bash'
[1.651s] INFO:colcon.colcon_core.shell:Creating package script '/home/optimus/Desktop/car_proj_ws/src/car/install/car/share/car/package.zsh'
[1.651s] Level 1:colcon.colcon_core.environment:create_file_with_runtime_dependencies(/home/optimus/Desktop/car_proj_ws/src/car/install/car/share/colcon-core/packages/car)
[1.682s] Level 1:colcon.colcon_core.environment:create_environment_scripts_only(car)
[1.698s] Level 1:colcon.colcon_core.environment:checking '/home/optimus/Desktop/car_proj_ws/src/car/install/car' for CMake module files
[1.698s] Level 1:colcon.colcon_core.environment:checking '/home/optimus/Desktop/car_proj_ws/src/car/install/car' for CMake config files
[1.699s] Level 1:colcon.colcon_core.shell:create_environment_hook('car', 'cmake_prefix_path')
[1.715s] INFO:colcon.colcon_core.shell:Creating environment hook '/home/optimus/Desktop/car_proj_ws/src/car/install/car/share/car/hook/cmake_prefix_path.ps1'
[2.015s] INFO:colcon.colcon_core.shell:Creating environment descriptor '/home/optimus/Desktop/car_proj_ws/src/car/install/car/share/car/hook/cmake_prefix_path.dsv'
[2.016s] INFO:colcon.colcon_core.shell:Creating environment hook '/home/optimus/Desktop/car_proj_ws/src/car/install/car/share/car/hook/cmake_prefix_path.sh'
[2.018s] Level 1:colcon.colcon_core.environment:checking '/home/optimus/Desktop/car_proj_ws/src/car/install/car/lib'
[2.018s] Level 1:colcon.colcon_core.environment:checking '/home/optimus/Desktop/car_proj_ws/src/car/install/car/bin'
[2.018s] Level 1:colcon.colcon_core.environment:checking '/home/optimus/Desktop/car_proj_ws/src/car/install/car/lib/pkgconfig/car.pc'
[2.019s] Level 1:colcon.colcon_core.environment:checking '/home/optimus/Desktop/car_proj_ws/src/car/install/car/lib/python3.10/site-packages'
[2.020s] Level 1:colcon.colcon_core.environment:checking '/home/optimus/Desktop/car_proj_ws/src/car/install/car/bin'
[2.084s] INFO:colcon.colcon_core.shell:Creating package script '/home/optimus/Desktop/car_proj_ws/src/car/install/car/share/car/package.ps1'
[2.084s] INFO:colcon.colcon_core.shell:Creating package descriptor '/home/optimus/Desktop/car_proj_ws/src/car/install/car/share/car/package.dsv'
[2.085s] INFO:colcon.colcon_core.shell:Creating package script '/home/optimus/Desktop/car_proj_ws/src/car/install/car/share/car/package.sh'
[2.085s] INFO:colcon.colcon_core.shell:Creating package script '/home/optimus/Desktop/car_proj_ws/src/car/install/car/share/car/package.bash'
[2.086s] INFO:colcon.colcon_core.shell:Creating package script '/home/optimus/Desktop/car_proj_ws/src/car/install/car/share/car/package.zsh'
[2.086s] Level 1:colcon.colcon_core.environment:create_file_with_runtime_dependencies(/home/optimus/Desktop/car_proj_ws/src/car/install/car/share/colcon-core/packages/car)
[2.086s] DEBUG:colcon.colcon_parallel_executor.executor.parallel:closing loop
[2.087s] DEBUG:colcon.colcon_parallel_executor.executor.parallel:loop closed
[2.087s] DEBUG:colcon.colcon_parallel_executor.executor.parallel:run_until_complete finished with '0'
[2.087s] DEBUG:colcon.colcon_core.event_reactor:joining thread
[2.109s] INFO:colcon.colcon_core.plugin_system:Skipping extension 'colcon_notification.desktop_notification.terminal_notifier': Not used on non-Darwin systems
[2.109s] INFO:colcon.colcon_core.plugin_system:Skipping extension 'colcon_notification.desktop_notification.win32': Not used on non-Windows systems
[2.109s] INFO:colcon.colcon_notification.desktop_notification:Sending desktop notification using 'notify2'
[2.118s] DEBUG:colcon.colcon_core.event_reactor:joined thread
[2.136s] INFO:colcon.colcon_core.shell:Creating prefix script '/home/optimus/Desktop/car_proj_ws/src/car/install/local_setup.ps1'
[2.137s] INFO:colcon.colcon_core.shell:Creating prefix util module '/home/optimus/Desktop/car_proj_ws/src/car/install/_local_setup_util_ps1.py'
[2.138s] INFO:colcon.colcon_core.shell:Creating prefix chain script '/home/optimus/Desktop/car_proj_ws/src/car/install/setup.ps1'
[2.157s] INFO:colcon.colcon_core.shell:Creating prefix script '/home/optimus/Desktop/car_proj_ws/src/car/install/local_setup.sh'
[2.157s] INFO:colcon.colcon_core.shell:Creating prefix util module '/home/optimus/Desktop/car_proj_ws/src/car/install/_local_setup_util_sh.py'
[2.158s] INFO:colcon.colcon_core.shell:Creating prefix chain script '/home/optimus/Desktop/car_proj_ws/src/car/install/setup.sh'
[2.175s] INFO:colcon.colcon_core.shell:Creating prefix script '/home/optimus/Desktop/car_proj_ws/src/car/install/local_setup.bash'
[2.175s] INFO:colcon.colcon_core.shell:Creating prefix chain script '/home/optimus/Desktop/car_proj_ws/src/car/install/setup.bash'
[2.193s] INFO:colcon.colcon_core.shell:Creating prefix script '/home/optimus/Desktop/car_proj_ws/src/car/install/local_setup.zsh'
[2.193s] INFO:colcon.colcon_core.shell:Creating prefix chain script '/home/optimus/Desktop/car_proj_ws/src/car/install/setup.zsh'
