[0.076s] Invoking command in '/home/optimus/Desktop/car_proj_ws/src/car/build/car': CMAKE_PREFIX_PATH=${CMAKE_PREFIX_PATH}:/opt/ros/humble /usr/bin/cmake /home/optimus/Desktop/car_proj_ws/src/car -DCMAKE_INSTALL_PREFIX=/home/optimus/Desktop/car_proj_ws/src/car/install/car
[0.112s] -- The C compiler identification is GNU 11.4.0
[0.157s] -- The CXX compiler identification is GNU 11.4.0
[0.163s] -- Detecting C compiler ABI info
[0.212s] -- Detecting C compiler ABI info - done
[0.219s] -- Check for working C compiler: /usr/bin/cc - skipped
[0.219s] -- Detecting C compile features
[0.220s] -- Detecting C compile features - done
[0.223s] -- Detecting CXX compiler ABI info
[0.291s] -- Detecting CXX compiler ABI info - done
[0.300s] -- Check for working CXX compiler: /usr/bin/c++ - skipped
[0.300s] -- Detecting CXX compile features
[0.300s] -- Detecting CXX compile features - done
[0.303s] -- Found ament_cmake: 1.3.5 (/opt/ros/humble/share/ament_cmake/cmake)
[0.446s] -- Found Python3: /usr/bin/python3.10 (found version "3.10.12") found components: Interpreter 
[0.512s] -- Found robot_state_publisher: 3.0.2 (/opt/ros/humble/share/robot_state_publisher/cmake)
[0.544s] -- Found rosidl_generator_c: 3.1.5 (/opt/ros/humble/share/rosidl_generator_c/cmake)
[0.548s] -- Found rosidl_adapter: 3.1.5 (/opt/ros/humble/share/rosidl_adapter/cmake)
[0.554s] -- Found rosidl_generator_cpp: 3.1.5 (/opt/ros/humble/share/rosidl_generator_cpp/cmake)
[0.565s] -- Using all available rosidl_typesupport_c: rosidl_typesupport_fastrtps_c;rosidl_typesupport_introspection_c
[0.580s] -- Using all available rosidl_typesupport_cpp: rosidl_typesupport_fastrtps_cpp;rosidl_typesupport_introspection_cpp
[0.694s] -- Found eigen3_cmake_module: 0.1.1 (/opt/ros/humble/share/eigen3_cmake_module/cmake)
[0.695s] -- Found Eigen3: TRUE (found version "3.4.0") 
[0.696s] -- Ensuring Eigen3 include directory is part of orocos-kdl CMake target
[0.749s] -- Found rmw_implementation_cmake: 6.1.1 (/opt/ros/humble/share/rmw_implementation_cmake/cmake)
[0.751s] -- Found rmw_fastrtps_cpp: 6.2.4 (/opt/ros/humble/share/rmw_fastrtps_cpp/cmake)
[0.823s] -- Found OpenSSL: /usr/lib/x86_64-linux-gnu/libcrypto.so (found version "3.0.2")  
[0.844s] -- Found FastRTPS: /opt/ros/humble/include  
[0.879s] -- Using RMW implementation 'rmw_fastrtps_cpp' as default
[0.886s] -- Looking for pthread.h
[0.944s] -- Looking for pthread.h - found
[0.944s] -- Performing Test CMAKE_HAVE_LIBC_PTHREAD
[1.016s] -- Performing Test CMAKE_HAVE_LIBC_PTHREAD - Success
[1.017s] -- Found Threads: TRUE  
[1.546s] -- Found xacro: 2.0.8 (/opt/ros/humble/share/xacro/cmake)
[1.547s] -- Found ros2_control: 2.32.0 (/opt/ros/humble/share/ros2_control/cmake)
[1.549s] -- Found ament_lint_auto: 0.12.8 (/opt/ros/humble/share/ament_lint_auto/cmake)
[1.609s] -- Added test 'copyright' to check source files copyright and LICENSE
[1.613s] -- Added test 'cppcheck' to perform static code analysis on C / C++ code
[1.613s] -- Configured cppcheck include dirs: 
[1.613s] -- Configured cppcheck exclude dirs and/or files: 
[1.616s] -- Added test 'cpplint' to check C / C++ code against the Google style
[1.617s] -- Configured cpplint exclude dirs and/or files: 
[1.617s] -- Added test 'flake8' to check Python code syntax and style conventions
[1.619s] -- Added test 'lint_cmake' to check CMake code style
[1.619s] -- Added test 'pep257' to check Python code against some of the docstring style conventions in PEP 257
[1.623s] -- Added test 'uncrustify' to check C / C++ code style
[1.623s] -- Configured uncrustify additional arguments: 
[1.624s] -- Added test 'xmllint' to check XML markup files
[1.625s] -- Configuring done
[1.629s] -- Generating done
[1.631s] -- Build files have been written to: /home/optimus/Desktop/car_proj_ws/src/car/build/car
[1.641s] Invoked command in '/home/optimus/Desktop/car_proj_ws/src/car/build/car' returned '0': CMAKE_PREFIX_PATH=${CMAKE_PREFIX_PATH}:/opt/ros/humble /usr/bin/cmake /home/optimus/Desktop/car_proj_ws/src/car -DCMAKE_INSTALL_PREFIX=/home/optimus/Desktop/car_proj_ws/src/car/install/car
[1.643s] Invoking command in '/home/optimus/Desktop/car_proj_ws/src/car/build/car': CMAKE_PREFIX_PATH=${CMAKE_PREFIX_PATH}:/opt/ros/humble /usr/bin/cmake --build /home/optimus/Desktop/car_proj_ws/src/car/build/car -- -j12 -l12
[1.671s] Invoked command in '/home/optimus/Desktop/car_proj_ws/src/car/build/car' returned '0': CMAKE_PREFIX_PATH=${CMAKE_PREFIX_PATH}:/opt/ros/humble /usr/bin/cmake --build /home/optimus/Desktop/car_proj_ws/src/car/build/car -- -j12 -l12
[1.692s] Invoking command in '/home/optimus/Desktop/car_proj_ws/src/car/build/car': CMAKE_PREFIX_PATH=${CMAKE_PREFIX_PATH}:/opt/ros/humble /usr/bin/cmake --install /home/optimus/Desktop/car_proj_ws/src/car/build/car
[1.697s] -- Install configuration: ""
[1.697s] -- Installing: /home/optimus/Desktop/car_proj_ws/src/car/install/car/share/car//urdf
[1.697s] -- Installing: /home/optimus/Desktop/car_proj_ws/src/car/install/car/share/car//urdf/car.csv
[1.697s] -- Installing: /home/optimus/Desktop/car_proj_ws/src/car/install/car/share/car//urdf/car.urdf.xacro
[1.698s] -- Installing: /home/optimus/Desktop/car_proj_ws/src/car/install/car/share/car//meshes
[1.698s] -- Installing: /home/optimus/Desktop/car_proj_ws/src/car/install/car/share/car//meshes/front_left_link.STL
[1.698s] -- Installing: /home/optimus/Desktop/car_proj_ws/src/car/install/car/share/car//meshes/rear_right_wheel_link.STL
[1.698s] -- Installing: /home/optimus/Desktop/car_proj_ws/src/car/install/car/share/car//meshes/Lidar_link.STL
[1.698s] -- Installing: /home/optimus/Desktop/car_proj_ws/src/car/install/car/share/car//meshes/front_left_wheel_link.STL
[1.698s] -- Installing: /home/optimus/Desktop/car_proj_ws/src/car/install/car/share/car//meshes/front_right_wheel_link.STL
[1.698s] -- Installing: /home/optimus/Desktop/car_proj_ws/src/car/install/car/share/car//meshes/base_chassis_link.STL
[1.698s] -- Installing: /home/optimus/Desktop/car_proj_ws/src/car/install/car/share/car//meshes/rear_left_wheel_link.STL
[1.698s] -- Installing: /home/optimus/Desktop/car_proj_ws/src/car/install/car/share/car//meshes/front_right_link.STL
[1.698s] -- Installing: /home/optimus/Desktop/car_proj_ws/src/car/install/car/share/car//launch
[1.698s] -- Installing: /home/optimus/Desktop/car_proj_ws/src/car/install/car/share/car//launch/debug.launch.py
[1.699s] -- Installing: /home/optimus/Desktop/car_proj_ws/src/car/install/car/share/car//launch/robot_description_publisher.py
[1.699s] -- Installing: /home/optimus/Desktop/car_proj_ws/src/car/install/car/share/car//launch/gazebo.launch.py
[1.699s] -- Installing: /home/optimus/Desktop/car_proj_ws/src/car/install/car/share/car//launch/spawn_robot_ros2.launch.py
[1.699s] -- Installing: /home/optimus/Desktop/car_proj_ws/src/car/install/car/share/car//launch/teleop.launch.py
[1.699s] -- Installing: /home/optimus/Desktop/car_proj_ws/src/car/install/car/share/car//launch/display.launch.py
[1.699s] -- Installing: /home/optimus/Desktop/car_proj_ws/src/car/install/car/share/car//launch/competition.launch.py
[1.699s] -- Installing: /home/optimus/Desktop/car_proj_ws/src/car/install/car/share/car//worlds
[1.699s] -- Installing: /home/optimus/Desktop/car_proj_ws/src/car/install/car/share/car//worlds/empty_world.world
[1.699s] -- Installing: /home/optimus/Desktop/car_proj_ws/src/car/install/car/share/car//config
[1.699s] -- Installing: /home/optimus/Desktop/car_proj_ws/src/car/install/car/share/car//config/control.yaml
[1.699s] -- Installing: /home/optimus/Desktop/car_proj_ws/src/car/install/car/share/car//competition
[1.699s] -- Installing: /home/optimus/Desktop/car_proj_ws/src/car/install/car/share/car//competition/arena
[1.699s] -- Installing: /home/optimus/Desktop/car_proj_ws/src/car/install/car/share/car//competition/arena/model.sdf
[1.699s] -- Installing: /home/optimus/Desktop/car_proj_ws/src/car/install/car/share/car//competition/arena/meshes
[1.699s] -- Installing: /home/optimus/Desktop/car_proj_ws/src/car/install/car/share/car//competition/arena/meshes/track.STL
[1.699s] -- Installing: /home/optimus/Desktop/car_proj_ws/src/car/install/car/share/car//competition/arena/meshes/check_point.STL
[1.700s] -- Installing: /home/optimus/Desktop/car_proj_ws/src/car/install/car/share/car//competition/arena/meshes/base_link.STL
[1.700s] -- Installing: /home/optimus/Desktop/car_proj_ws/src/car/install/car/share/car//competition/arena/model.config
[1.700s] -- Installing: /home/optimus/Desktop/car_proj_ws/src/car/install/car/share/car//competition/worlds
[1.700s] -- Installing: /home/optimus/Desktop/car_proj_ws/src/car/install/car/share/car//competition/worlds/competition.world
[1.700s] -- Installing: /home/optimus/Desktop/car_proj_ws/src/car/install/car/include/car
[1.700s] -- Installing: /home/optimus/Desktop/car_proj_ws/src/car/install/car/lib/car/robot_description_publisher.py
[1.700s] -- Installing: /home/optimus/Desktop/car_proj_ws/src/car/install/car/share/ament_index/resource_index/package_run_dependencies/car
[1.700s] -- Installing: /home/optimus/Desktop/car_proj_ws/src/car/install/car/share/ament_index/resource_index/parent_prefix_path/car
[1.700s] -- Installing: /home/optimus/Desktop/car_proj_ws/src/car/install/car/share/car/environment/ament_prefix_path.sh
[1.700s] -- Installing: /home/optimus/Desktop/car_proj_ws/src/car/install/car/share/car/environment/ament_prefix_path.dsv
[1.701s] -- Installing: /home/optimus/Desktop/car_proj_ws/src/car/install/car/share/car/environment/path.sh
[1.701s] -- Installing: /home/optimus/Desktop/car_proj_ws/src/car/install/car/share/car/environment/path.dsv
[1.701s] -- Installing: /home/optimus/Desktop/car_proj_ws/src/car/install/car/share/car/local_setup.bash
[1.701s] -- Installing: /home/optimus/Desktop/car_proj_ws/src/car/install/car/share/car/local_setup.sh
[1.701s] -- Installing: /home/optimus/Desktop/car_proj_ws/src/car/install/car/share/car/local_setup.zsh
[1.701s] -- Installing: /home/optimus/Desktop/car_proj_ws/src/car/install/car/share/car/local_setup.dsv
[1.701s] -- Installing: /home/optimus/Desktop/car_proj_ws/src/car/install/car/share/car/package.dsv
[1.701s] -- Installing: /home/optimus/Desktop/car_proj_ws/src/car/install/car/share/ament_index/resource_index/packages/car
[1.701s] -- Installing: /home/optimus/Desktop/car_proj_ws/src/car/install/car/share/car/cmake/carConfig.cmake
[1.701s] -- Installing: /home/optimus/Desktop/car_proj_ws/src/car/install/car/share/car/cmake/carConfig-version.cmake
[1.701s] -- Installing: /home/optimus/Desktop/car_proj_ws/src/car/install/car/share/car/package.xml
[1.703s] Invoked command in '/home/optimus/Desktop/car_proj_ws/src/car/build/car' returned '0': CMAKE_PREFIX_PATH=${CMAKE_PREFIX_PATH}:/opt/ros/humble /usr/bin/cmake --install /home/optimus/Desktop/car_proj_ws/src/car/build/car
